\BOOKMARK [1][-]{Rfn.build.Rul.echa.Rul.echemportal.Rul.api.Rul.dict.1}{build\137echa\137echemportal\137api\137dict}{}% 1
\BOOKMARK [1][-]{Rfn.cas.Rul.checkSum.1}{cas\137checkSum}{}% 2
\BOOKMARK [1][-]{Rfn.chem.check.1}{chem.check}{}% 3
\BOOKMARK [1][-]{Rfn.chem.check.v2.1}{chem.check.v2}{}% 4
\BOOKMARK [1][-]{Rfn.clean.last.character.1}{clean.last.character}{}% 5
\BOOKMARK [1][-]{Rfn.clean.toxval.by.source.1}{clean.toxval.by.source}{}% 6
\BOOKMARK [1][-]{Rfn.clowder.Rul.document.Rul.list.1}{clowder\137document\137list}{}% 7
\BOOKMARK [1][-]{Rfn.clowder.Rul.id.Rul.prep.v3.1}{clowder\137id\137prep.v3}{}% 8
\BOOKMARK [1][-]{Rfn.compare.pfas.Rul.150.Rul.sem.to.hawc.1}{compare.pfas\137150\137sem.to.hawc}{}% 9
\BOOKMARK [1][-]{Rfn.contains.1}{contains}{}% 10
\BOOKMARK [1][-]{Rfn.echemportal.prep.v2.1}{echemportal.prep.v2}{}% 11
\BOOKMARK [1][-]{Rfn.echemportal.prep.v2.step2.1}{echemportal.prep.v2.step2}{}% 12
\BOOKMARK [1][-]{Rfn.echemportal.prep.v2.step3.1}{echemportal.prep.v2.step3}{}% 13
\BOOKMARK [1][-]{Rfn.ecotox.datahub.to.file.1}{ecotox.datahub.to.file}{}% 14
\BOOKMARK [1][-]{Rfn.efsa.clean.1}{efsa.clean}{}% 15
\BOOKMARK [1][-]{Rfn.efsa.dict.prep.1}{efsa.dict.prep}{}% 16
\BOOKMARK [1][-]{Rfn.efsa.prep.1}{efsa.prep}{}% 17
\BOOKMARK [1][-]{Rfn.export.all.by.source.1}{export.all.by.source}{}% 18
\BOOKMARK [1][-]{Rfn.export.all.by.source.for.release.1}{export.all.by.source.for.release}{}% 19
\BOOKMARK [1][-]{Rfn.export.all.by.source.pfas.1}{export.all.by.source.pfas}{}% 20
\BOOKMARK [1][-]{Rfn.export.all.with.references.1}{export.all.with.references}{}% 21
\BOOKMARK [1][-]{Rfn.export.bcfbaf.1}{export.bcfbaf}{}% 22
\BOOKMARK [1][-]{Rfn.export.cancer.summary.1}{export.cancer.summary}{}% 23
\BOOKMARK [1][-]{Rfn.export.chemicals.1}{export.chemicals}{}% 24
\BOOKMARK [1][-]{Rfn.export.dsstox.1}{export.dsstox}{}% 25
\BOOKMARK [1][-]{Rfn.export.dsstox.mol.wt.1}{export.dsstox.mol.wt}{}% 26
\BOOKMARK [1][-]{Rfn.export.echa.repeats.1}{export.echa.repeats}{}% 27
\BOOKMARK [1][-]{Rfn.export.final.params.1}{export.final.params}{}% 28
\BOOKMARK [1][-]{Rfn.export.genetox.Rul.details.1}{export.genetox\137details}{}% 29
\BOOKMARK [1][-]{Rfn.export.genetox.Rul.summary.1}{export.genetox\137summary}{}% 30
\BOOKMARK [1][-]{Rfn.export.missing.rac.1}{export.missing.rac}{}% 31
\BOOKMARK [1][-]{Rfn.export.missing.rac.by.source.1}{export.missing.rac.by.source}{}% 32
\BOOKMARK [1][-]{Rfn.export.missing.strains.1}{export.missing.strains}{}% 33
\BOOKMARK [1][-]{Rfn.export.pod.summary.1}{export.pod.summary}{}% 34
\BOOKMARK [1][-]{Rfn.export.record.Rul.source.1}{export.record\137source}{}% 35
\BOOKMARK [1][-]{Rfn.export.skin.Rul.eye.1}{export.skin\137eye}{}% 36
\BOOKMARK [1][-]{Rfn.export.source.Rul.chemical.1}{export.source\137chemical}{}% 37
\BOOKMARK [1][-]{Rfn.export.toxval.Rul.dictionary.1}{export.toxval\137dictionary}{}% 38
\BOOKMARK [1][-]{Rfn.fill.chemical.1}{fill.chemical}{}% 39
\BOOKMARK [1][-]{Rfn.fill.chemical.by.source.1}{fill.chemical.by.source}{}% 40
\BOOKMARK [1][-]{Rfn.fill.chemical.Rul.source.Rul.index.1}{fill.chemical\137source\137index}{}% 41
\BOOKMARK [1][-]{Rfn.fill.toxval.defaults.1}{fill.toxval.defaults}{}% 42
\BOOKMARK [1][-]{Rfn.fill.toxval.defaults.global.1}{fill.toxval.defaults.global}{}% 43
\BOOKMARK [1][-]{Rfn.fill.toxval.defaults.global.by.source.1}{fill.toxval.defaults.global.by.source}{}% 44
\BOOKMARK [1][-]{Rfn.fix.all.param.1}{fix.all.param}{}% 45
\BOOKMARK [1][-]{Rfn.fix.all.param.by.source.1}{fix.all.param.by.source}{}% 46
\BOOKMARK [1][-]{Rfn.fix.all.param.new.1}{fix.all.param.new}{}% 47
\BOOKMARK [1][-]{Rfn.fix.all.param.new.by.source.1}{fix.all.param.new.by.source}{}% 48
\BOOKMARK [1][-]{Rfn.fix.casrn.1}{fix.casrn}{}% 49
\BOOKMARK [1][-]{Rfn.fix.clowder.Rul.id.by.source.1}{fix.clowder\137id.by.source}{}% 50
\BOOKMARK [1][-]{Rfn.fix.clowder.Rul.id.by.toxval.1}{fix.clowder\137id.by.toxval}{}% 51
\BOOKMARK [1][-]{Rfn.fix.critical.Rul.effect.1}{fix.critical\137effect}{}% 52
\BOOKMARK [1][-]{Rfn.fix.critical.Rul.effect.icf.by.source.1}{fix.critical\137effect.icf.by.source}{}% 53
\BOOKMARK [1][-]{Rfn.fix.empty.1}{fix.empty}{}% 54
\BOOKMARK [1][-]{Rfn.fix.empty.by.source.1}{fix.empty.by.source}{}% 55
\BOOKMARK [1][-]{Rfn.fix.empty.hyphen.record.Rul.source.by.source.1}{fix.empty.hyphen.record\137source.by.source}{}% 56
\BOOKMARK [1][-]{Rfn.fix.empty.record.Rul.source.1}{fix.empty.record\137source}{}% 57
\BOOKMARK [1][-]{Rfn.fix.empty.record.Rul.source.by.source.1}{fix.empty.record\137source.by.source}{}% 58
\BOOKMARK [1][-]{Rfn.fix.exposure.Rul.form.1}{fix.exposure\137form}{}% 59
\BOOKMARK [1][-]{Rfn.fix.exposure.Rul.form.by.source.1}{fix.exposure\137form.by.source}{}% 60
\BOOKMARK [1][-]{Rfn.fix.exposure.Rul.method.and.form.by.source.1}{fix.exposure\137method.and.form.by.source}{}% 61
\BOOKMARK [1][-]{Rfn.fix.exposure.Rul.route.by.type.1}{fix.exposure\137route.by.type}{}% 62
\BOOKMARK [1][-]{Rfn.fix.exposure.Rul.route.by.type.new.1}{fix.exposure\137route.by.type.new}{}% 63
\BOOKMARK [1][-]{Rfn.fix.exposure.Rul.route.by.type.new.by.source.1}{fix.exposure\137route.by.type.new.by.source}{}% 64
\BOOKMARK [1][-]{Rfn.fix.generation.by.source.1}{fix.generation.by.source}{}% 65
\BOOKMARK [1][-]{Rfn.fix.human.Rul.eco.1}{fix.human\137eco}{}% 66
\BOOKMARK [1][-]{Rfn.fix.human.Rul.eco.by.source.1}{fix.human\137eco.by.source}{}% 67
\BOOKMARK [1][-]{Rfn.fix.hyphen.by.source.1}{fix.hyphen.by.source}{}% 68
\BOOKMARK [1][-]{Rfn.fix.non.Rul.ascii.1}{fix.non\137ascii}{}% 69
\BOOKMARK [1][-]{Rfn.fix.non.Rul.ascii.v2.1}{fix.non\137ascii.v2}{}% 70
\BOOKMARK [1][-]{Rfn.fix.priority.Rul.id.1}{fix.priority\137id}{}% 71
\BOOKMARK [1][-]{Rfn.fix.priority.Rul.id.by.source.1}{fix.priority\137id.by.source}{}% 72
\BOOKMARK [1][-]{Rfn.fix.qa.Rul.status.1}{fix.qa\137status}{}% 73
\BOOKMARK [1][-]{Rfn.fix.qa.Rul.status.by.source.1}{fix.qa\137status.by.source}{}% 74
\BOOKMARK [1][-]{Rfn.fix.qc.Rul.status.by.source.1}{fix.qc\137status.by.source}{}% 75
\BOOKMARK [1][-]{Rfn.fix.risk.Rul.assessment.Rul.class.1}{fix.risk\137assessment\137class}{}% 76
\BOOKMARK [1][-]{Rfn.fix.risk.Rul.assessment.Rul.class.all.source.1}{fix.risk\137assessment\137class.all.source}{}% 77
\BOOKMARK [1][-]{Rfn.fix.risk.Rul.assessment.Rul.class.by.source.1}{fix.risk\137assessment\137class.by.source}{}% 78
\BOOKMARK [1][-]{Rfn.fix.single.param.1}{fix.single.param}{}% 79
\BOOKMARK [1][-]{Rfn.fix.single.param.by.source.1}{fix.single.param.by.source}{}% 80
\BOOKMARK [1][-]{Rfn.fix.single.param.new.1}{fix.single.param.new}{}% 81
\BOOKMARK [1][-]{Rfn.fix.single.param.new.by.source.1}{fix.single.param.new.by.source}{}% 82
\BOOKMARK [1][-]{Rfn.fix.species.1}{fix.species}{}% 83
\BOOKMARK [1][-]{Rfn.fix.species.by.source.1}{fix.species.by.source}{}% 84
\BOOKMARK [1][-]{Rfn.fix.species.ecotox.by.source.1}{fix.species.ecotox.by.source}{}% 85
\BOOKMARK [1][-]{Rfn.fix.species.v2.1}{fix.species.v2}{}% 86
\BOOKMARK [1][-]{Rfn.fix.species.Rul.ecotox.1}{fix.species\137ecotox}{}% 87
\BOOKMARK [1][-]{Rfn.fix.strain.by.source.1}{fix.strain.by.source}{}% 88
\BOOKMARK [1][-]{Rfn.fix.strain.v2.1}{fix.strain.v2}{}% 89
\BOOKMARK [1][-]{Rfn.fix.toxval.Rul.numeric.Rul.qualifier.1}{fix.toxval\137numeric\137qualifier}{}% 90
\BOOKMARK [1][-]{Rfn.fix.toxval.Rul.numeric.Rul.qualifier.by.source.1}{fix.toxval\137numeric\137qualifier.by.source}{}% 91
\BOOKMARK [1][-]{Rfn.fix.units.1}{fix.units}{}% 92
\BOOKMARK [1][-]{Rfn.fix.units.by.source.1}{fix.units.by.source}{}% 93
\BOOKMARK [1][-]{Rfn.fix.units.new.1}{fix.units.new}{}% 94
\BOOKMARK [1][-]{Rfn.fix.units.new.by.source.1}{fix.units.new.by.source}{}% 95
\BOOKMARK [1][-]{Rfn.fix.units.testmw.1}{fix.units.testmw}{}% 96
\BOOKMARK [1][-]{Rfn.format.Rul.rsl.Rul.excel.1}{format\137rsl\137excel}{}% 97
\BOOKMARK [1][-]{Rfn.generate.originals.1}{generate.originals}{}% 98
\BOOKMARK [1][-]{Rfn.get.chemical.info.by.source.1}{get.chemical.info.by.source}{}% 99
\BOOKMARK [1][-]{Rfn.get.chemical.info.by.source.combined.1}{get.chemical.info.by.source.combined}{}% 100
\BOOKMARK [1][-]{Rfn.get.cid.list.toxval.1}{get.cid.list.toxval}{}% 101
\BOOKMARK [1][-]{Rfn.get.cid.list.toxval.ecotox.1}{get.cid.list.toxval.ecotox}{}% 102
\BOOKMARK [1][-]{Rfn.get.clowder.file.maps.1}{get.clowder.file.maps}{}% 103
\BOOKMARK [1][-]{Rfn.getDBConn.1}{getDBConn}{}% 104
\BOOKMARK [1][-]{Rfn.getPSQLDBConn.1}{getPSQLDBConn}{}% 105
\BOOKMARK [1][-]{Rfn.get.Rul.clowder.Rul.docList.1}{get\137clowder\137docList}{}% 106
\BOOKMARK [1][-]{Rfn.heast.load.all.1}{heast.load.all}{}% 107
\BOOKMARK [1][-]{Rfn.hess.Rul.record.Rul.url.Rul.from.Rul.clowder.1}{hess\137record\137url\137from\137clowder}{}% 108
\BOOKMARK [1][-]{Rfn.ig.summary.plot.1}{ig.summary.plot}{}% 109
\BOOKMARK [1][-]{Rfn.import.dictionary.1}{import.dictionary}{}% 110
\BOOKMARK [1][-]{Rfn.import.driver.1}{import.driver}{}% 111
\BOOKMARK [1][-]{Rfn.import.source.info.1}{import.source.info}{}% 112
\BOOKMARK [1][-]{Rfn.import.source.info.by.source.1}{import.source.info.by.source}{}% 113
\BOOKMARK [1][-]{Rfn.import.Rul.actor.Rul.source.1}{import\137actor\137source}{}% 114
\BOOKMARK [1][-]{Rfn.import.Rul.atsdr.Rul.pfas.Rul.2021.Rul.source.1}{import\137atsdr\137pfas\1372021\137source}{}% 115
\BOOKMARK [1][-]{Rfn.import.Rul.atsdr.Rul.pfas.Rul.source.1}{import\137atsdr\137pfas\137source}{}% 116
\BOOKMARK [1][-]{Rfn.import.Rul.atsdr.Rul.source.1}{import\137atsdr\137source}{}% 117
\BOOKMARK [1][-]{Rfn.import.Rul.caloehha.Rul.source.1}{import\137caloehha\137source}{}% 118
\BOOKMARK [1][-]{Rfn.import.Rul.chiu.Rul.source.1}{import\137chiu\137source}{}% 119
\BOOKMARK [1][-]{Rfn.import.Rul.copper.Rul.source.1}{import\137copper\137source}{}% 120
\BOOKMARK [1][-]{Rfn.import.Rul.cosmos.Rul.source.1}{import\137cosmos\137source}{}% 121
\BOOKMARK [1][-]{Rfn.import.Rul.dod.Rul.ered.Rul.source.1}{import\137dod\137ered\137source}{}% 122
\BOOKMARK [1][-]{Rfn.import.Rul.dod.Rul.source.1}{import\137dod\137source}{}% 123
\BOOKMARK [1][-]{Rfn.import.Rul.doe.Rul.benchmarks.Rul.source.1}{import\137doe\137benchmarks\137source}{}% 124
\BOOKMARK [1][-]{Rfn.import.Rul.doe.Rul.source.1}{import\137doe\137source}{}% 125
\BOOKMARK [1][-]{Rfn.import.Rul.echa3.Rul.source.1}{import\137echa3\137source}{}% 126
\BOOKMARK [1][-]{Rfn.import.Rul.echa.Rul.echemportal.Rul.api.Rul.source.1}{import\137echa\137echemportal\137api\137source}{}% 127
\BOOKMARK [1][-]{Rfn.import.Rul.echa.Rul.echemportal.Rul.source.1}{import\137echa\137echemportal\137source}{}% 128
\BOOKMARK [1][-]{Rfn.import.Rul.echa.Rul.iuclid.Rul.source.1}{import\137echa\137iuclid\137source}{}% 129
\BOOKMARK [1][-]{Rfn.import.Rul.echa.Rul.source.1}{import\137echa\137source}{}% 130
\BOOKMARK [1][-]{Rfn.import.Rul.efsa2.Rul.source.1}{import\137efsa2\137source}{}% 131
\BOOKMARK [1][-]{Rfn.import.Rul.efsa.Rul.source.1}{import\137efsa\137source}{}% 132
\BOOKMARK [1][-]{Rfn.import.Rul.envirotox.Rul.source.1}{import\137envirotox\137source}{}% 133
\BOOKMARK [1][-]{Rfn.import.Rul.flex.Rul.source.1}{import\137flex\137source}{}% 134
\BOOKMARK [1][-]{Rfn.import.Rul.generic.Rul.source.1}{import\137generic\137source}{}% 135
\BOOKMARK [1][-]{Rfn.import.Rul.hawc.Rul.pfas.Rul.150.Rul.source.1}{import\137hawc\137pfas\137150\137source}{}% 136
\BOOKMARK [1][-]{Rfn.import.Rul.hawc.Rul.pfas.Rul.430.Rul.source.1}{import\137hawc\137pfas\137430\137source}{}% 137
\BOOKMARK [1][-]{Rfn.import.Rul.hawc.Rul.source.1}{import\137hawc\137source}{}% 138
\BOOKMARK [1][-]{Rfn.import.Rul.health.Rul.canada.Rul.source.1}{import\137health\137canada\137source}{}% 139
\BOOKMARK [1][-]{Rfn.import.Rul.heast.Rul.source.1}{import\137heast\137source}{}% 140
\BOOKMARK [1][-]{Rfn.import.Rul.hess.Rul.source.1}{import\137hess\137source}{}% 141
\BOOKMARK [1][-]{Rfn.import.Rul.hpvis.Rul.source.1}{import\137hpvis\137source}{}% 142
\BOOKMARK [1][-]{Rfn.import.Rul.iris.Rul.source.1}{import\137iris\137source}{}% 143
\BOOKMARK [1][-]{Rfn.import.Rul.lanl.Rul.source.1}{import\137lanl\137source}{}% 144
\BOOKMARK [1][-]{Rfn.import.Rul.niosh.Rul.source.1}{import\137niosh\137source}{}% 145
\BOOKMARK [1][-]{Rfn.import.Rul.oppt.Rul.source.1}{import\137oppt\137source}{}% 146
\BOOKMARK [1][-]{Rfn.import.Rul.opp.Rul.source.1}{import\137opp\137source}{}% 147
\BOOKMARK [1][-]{Rfn.import.Rul.penn.Rul.source.1}{import\137penn\137source}{}% 148
\BOOKMARK [1][-]{Rfn.import.Rul.pfas.Rul.150.Rul.sem.Rul.v2.Rul.source.1}{import\137pfas\137150\137sem\137v2\137source}{}% 149
\BOOKMARK [1][-]{Rfn.import.Rul.pprtv.Rul.ncea.Rul.source.1}{import\137pprtv\137ncea\137source}{}% 150
\BOOKMARK [1][-]{Rfn.import.Rul.pprtv.Rul.ornl.Rul.source.1}{import\137pprtv\137ornl\137source}{}% 151
\BOOKMARK [1][-]{Rfn.import.Rul.rsl.Rul.source.1}{import\137rsl\137source}{}% 152
\BOOKMARK [1][-]{Rfn.import.Rul.rsl.Rul.source.Rul.info.1}{import\137rsl\137source\137info}{}% 153
\BOOKMARK [1][-]{Rfn.import.Rul.test.Rul.source.1}{import\137test\137source}{}% 154
\BOOKMARK [1][-]{Rfn.import.Rul.wignall.Rul.source.1}{import\137wignall\137source}{}% 155
\BOOKMARK [1][-]{Rfn.iris.cancer.clean.1}{iris.cancer.clean}{}% 156
\BOOKMARK [1][-]{Rfn.iris.noncancer.clean.1}{iris.noncancer.clean}{}% 157
\BOOKMARK [1][-]{Rfn.iris.scraper.1}{iris.scraper}{}% 158
\BOOKMARK [1][-]{Rfn.load.dsstox.1}{load.dsstox}{}% 159
\BOOKMARK [1][-]{Rfn.load.Rul.clowder.Rul.document.Rul.name.1}{load\137clowder\137document\137name}{}% 160
\BOOKMARK [1][-]{Rfn.log.Rul.message.1}{log\137message}{}% 161
\BOOKMARK [1][-]{Rfn.map.chemical.to.dsstox.1}{map.chemical.to.dsstox}{}% 162
\BOOKMARK [1][-]{Rfn.map.chemical.to.dsstox.by.source.1}{map.chemical.to.dsstox.by.source}{}% 163
\BOOKMARK [1][-]{Rfn.map.chemical.to.dsstox.ecotox.1}{map.chemical.to.dsstox.ecotox}{}% 164
\BOOKMARK [1][-]{Rfn.map.chemical.Rul.list.to.dsstox.1}{map.chemical\137list.to.dsstox}{}% 165
\BOOKMARK [1][-]{Rfn.map.hash.record.clowder.document.Rul.name.1}{map.hash.record.clowder.document\137name}{}% 166
\BOOKMARK [1][-]{Rfn.map.hash.record.Rul.source.1}{map.hash.record\137source}{}% 167
\BOOKMARK [1][-]{Rfn.map.hash.record.Rul.source.by.source.1}{map.hash.record\137source.by.source}{}% 168
\BOOKMARK [1][-]{Rfn.niosh.pdf.to.excel.1}{niosh.pdf.to.excel}{}% 169
\BOOKMARK [1][-]{Rfn.parse.effect.level.1}{parse.effect.level}{}% 170
\BOOKMARK [1][-]{Rfn.pfas.by.source.1}{pfas.by.source}{}% 171
\BOOKMARK [1][-]{Rfn.poc.summary.plot.1}{poc.summary.plot}{}% 172
\BOOKMARK [1][-]{Rfn.pprtv.ncea.load.all.1}{pprtv.ncea.load.all}{}% 173
\BOOKMARK [1][-]{Rfn.pprtv.ncea.scraper.1}{pprtv.ncea.scraper}{}% 174
\BOOKMARK [1][-]{Rfn.pprtv.ornl.load.all.new.1}{pprtv.ornl.load.all.new}{}% 175
\BOOKMARK [1][-]{Rfn.pprtv.ornl.scraper.1}{pprtv.ornl.scraper}{}% 176
\BOOKMARK [1][-]{Rfn.printCurrentFunction.1}{printCurrentFunction}{}% 177
\BOOKMARK [1][-]{Rfn.reset.numeric.1}{reset.numeric}{}% 178
\BOOKMARK [1][-]{Rfn.runInsert.1}{runInsert}{}% 179
\BOOKMARK [1][-]{Rfn.runInsertTable.1}{runInsertTable}{}% 180
\BOOKMARK [1][-]{Rfn.runQuery.1}{runQuery}{}% 181
\BOOKMARK [1][-]{Rfn.runQuery.Rul.psql.1}{runQuery\137psql}{}% 182
\BOOKMARK [1][-]{Rfn.runStatement.1}{runStatement}{}% 183
\BOOKMARK [1][-]{Rfn.set.dtxsid.1}{set.dtxsid}{}% 184
\BOOKMARK [1][-]{Rfn.set.dtxsid.by.source.1}{set.dtxsid.by.source}{}% 185
\BOOKMARK [1][-]{Rfn.set.hash.bcfbaf.1}{set.hash.bcfbaf}{}% 186
\BOOKMARK [1][-]{Rfn.set.hash.bcfbaf.by.source.1}{set.hash.bcfbaf.by.source}{}% 187
\BOOKMARK [1][-]{Rfn.set.hash.genetox.Rul.details.1}{set.hash.genetox\137details}{}% 188
\BOOKMARK [1][-]{Rfn.set.hash.genetox.Rul.details.by.source.1}{set.hash.genetox\137details.by.source}{}% 189
\BOOKMARK [1][-]{Rfn.set.hash.record.Rul.source.1}{set.hash.record\137source}{}% 190
\BOOKMARK [1][-]{Rfn.set.hash.record.Rul.source.by.source.1}{set.hash.record\137source.by.source}{}% 191
\BOOKMARK [1][-]{Rfn.set.hash.skin.Rul.eye.1}{set.hash.skin\137eye}{}% 192
\BOOKMARK [1][-]{Rfn.set.hash.skin.Rul.eye.by.source.1}{set.hash.skin\137eye.by.source}{}% 193
\BOOKMARK [1][-]{Rfn.set.hash.source.1}{set.hash.source}{}% 194
\BOOKMARK [1][-]{Rfn.set.hash.toxval.1}{set.hash.toxval}{}% 195
\BOOKMARK [1][-]{Rfn.set.hash.toxval.by.source.1}{set.hash.toxval.by.source}{}% 196
\BOOKMARK [1][-]{Rfn.setDBConn.1}{setDBConn}{}% 197
\BOOKMARK [1][-]{Rfn.setPSQLDBConn.1}{setPSQLDBConn}{}% 198
\BOOKMARK [1][-]{Rfn.set.Rul.clowder.Rul.id.1}{set\137clowder\137id}{}% 199
\BOOKMARK [1][-]{Rfn.source.size.1}{source.size}{}% 200
\BOOKMARK [1][-]{Rfn.source.table.to.DAT.1}{source.table.to.DAT}{}% 201
\BOOKMARK [1][-]{Rfn.source.Rul.chemical.duplicates.1}{source\137chemical.duplicates}{}% 202
\BOOKMARK [1][-]{Rfn.source.Rul.chemical.ecotox.1}{source\137chemical.ecotox}{}% 203
\BOOKMARK [1][-]{Rfn.source.Rul.chemical.process.1}{source\137chemical.process}{}% 204
\BOOKMARK [1][-]{Rfn.source.Rul.chemical.toxrefdb.1}{source\137chemical.toxrefdb}{}% 205
\BOOKMARK [1][-]{Rfn.source.Rul.prep.Rul.and.Rul.load.1}{source\137prep\137and\137load}{}% 206
\BOOKMARK [1][-]{Rfn.source.Rul.set.Rul.defaults.1}{source\137set\137defaults}{}% 207
\BOOKMARK [1][-]{Rfn.species.mapper.1}{species.mapper}{}% 208
\BOOKMARK [1][-]{Rfn.toxval.check.source.Rul.chemical.1}{toxval.check.source\137chemical}{}% 209
\BOOKMARK [1][-]{Rfn.toxval.config.1}{toxval.config}{}% 210
\BOOKMARK [1][-]{Rfn.toxval.init.db.1}{toxval.init.db}{}% 211
\BOOKMARK [1][-]{Rfn.toxval.load.alaska.Rul.dec.1}{toxval.load.alaska\137dec}{}% 212
\BOOKMARK [1][-]{Rfn.toxval.load.all.1}{toxval.load.all}{}% 213
\BOOKMARK [1][-]{Rfn.toxval.load.atsdr.1}{toxval.load.atsdr}{}% 214
\BOOKMARK [1][-]{Rfn.toxval.load.atsdr.pfas.1}{toxval.load.atsdr.pfas}{}% 215
\BOOKMARK [1][-]{Rfn.toxval.load.atsdr.pfas.2021.1}{toxval.load.atsdr.pfas.2021}{}% 216
\BOOKMARK [1][-]{Rfn.toxval.load.bcfbaf.1}{toxval.load.bcfbaf}{}% 217
\BOOKMARK [1][-]{Rfn.toxval.load.caloehha.1}{toxval.load.caloehha}{}% 218
\BOOKMARK [1][-]{Rfn.toxval.load.cal.Rul.dph.1}{toxval.load.cal\137dph}{}% 219
\BOOKMARK [1][-]{Rfn.toxval.load.cancer.1}{toxval.load.cancer}{}% 220
\BOOKMARK [1][-]{Rfn.toxval.load.chemical.list.1}{toxval.load.chemical.list}{}% 221
\BOOKMARK [1][-]{Rfn.toxval.load.chemical.list.by.source.1}{toxval.load.chemical.list.by.source}{}% 222
\BOOKMARK [1][-]{Rfn.toxval.load.chemical.list.ecotox.1}{toxval.load.chemical.list.ecotox}{}% 223
\BOOKMARK [1][-]{Rfn.toxval.load.chiu.1}{toxval.load.chiu}{}% 224
\BOOKMARK [1][-]{Rfn.toxval.load.copper.1}{toxval.load.copper}{}% 225
\BOOKMARK [1][-]{Rfn.toxval.load.cosmos.1}{toxval.load.cosmos}{}% 226
\BOOKMARK [1][-]{Rfn.toxval.load.dod.1}{toxval.load.dod}{}% 227
\BOOKMARK [1][-]{Rfn.toxval.load.dod.ered.1}{toxval.load.dod.ered}{}% 228
\BOOKMARK [1][-]{Rfn.toxval.load.doe.1}{toxval.load.doe}{}% 229
\BOOKMARK [1][-]{Rfn.toxval.load.doe.benchmarks.1}{toxval.load.doe.benchmarks}{}% 230
\BOOKMARK [1][-]{Rfn.toxval.load.doe.ecorisk.1}{toxval.load.doe.ecorisk}{}% 231
\BOOKMARK [1][-]{Rfn.toxval.load.doe.pac.1}{toxval.load.doe.pac}{}% 232
\BOOKMARK [1][-]{Rfn.toxval.load.echa.echemportal.api.1}{toxval.load.echa.echemportal.api}{}% 233
\BOOKMARK [1][-]{Rfn.toxval.load.ecotox.1}{toxval.load.ecotox}{}% 234
\BOOKMARK [1][-]{Rfn.toxval.load.efsa.1}{toxval.load.efsa}{}% 235
\BOOKMARK [1][-]{Rfn.toxval.load.efsa2.1}{toxval.load.efsa2}{}% 236
\BOOKMARK [1][-]{Rfn.toxval.load.envirotox.1}{toxval.load.envirotox}{}% 237
\BOOKMARK [1][-]{Rfn.toxval.load.epa.Rul.aegl.1}{toxval.load.epa\137aegl}{}% 238
\BOOKMARK [1][-]{Rfn.toxval.load.fda.Rul.cedi.1}{toxval.load.fda\137cedi}{}% 239
\BOOKMARK [1][-]{Rfn.toxval.load.flex.1}{toxval.load.flex}{}% 240
\BOOKMARK [1][-]{Rfn.toxval.load.generic.1}{toxval.load.generic}{}% 241
\BOOKMARK [1][-]{Rfn.toxval.load.genetox.1}{toxval.load.genetox}{}% 242
\BOOKMARK [1][-]{Rfn.toxval.load.genetox.Rul.details.1}{toxval.load.genetox\137details}{}% 243
\BOOKMARK [1][-]{Rfn.toxval.load.hawc.1}{toxval.load.hawc}{}% 244
\BOOKMARK [1][-]{Rfn.toxval.load.hawc.Rul.pfas.Rul.150.1}{toxval.load.hawc\137pfas\137150}{}% 245
\BOOKMARK [1][-]{Rfn.toxval.load.hawc.Rul.pfas.Rul.430.1}{toxval.load.hawc\137pfas\137430}{}% 246
\BOOKMARK [1][-]{Rfn.toxval.load.healthcanada.1}{toxval.load.healthcanada}{}% 247
\BOOKMARK [1][-]{Rfn.toxval.load.heast.1}{toxval.load.heast}{}% 248
\BOOKMARK [1][-]{Rfn.toxval.load.hess.1}{toxval.load.hess}{}% 249
\BOOKMARK [1][-]{Rfn.toxval.load.hpvis.1}{toxval.load.hpvis}{}% 250
\BOOKMARK [1][-]{Rfn.toxval.load.initial.1}{toxval.load.initial}{}% 251
\BOOKMARK [1][-]{Rfn.toxval.load.iris.1}{toxval.load.iris}{}% 252
\BOOKMARK [1][-]{Rfn.toxval.load.mass.Rul.mmcl.1}{toxval.load.mass\137mmcl}{}% 253
\BOOKMARK [1][-]{Rfn.toxval.load.new.Rul.ecotox.1}{toxval.load.new\137ecotox}{}% 254
\BOOKMARK [1][-]{Rfn.toxval.load.niosh.1}{toxval.load.niosh}{}% 255
\BOOKMARK [1][-]{Rfn.toxval.load.opp.1}{toxval.load.opp}{}% 256
\BOOKMARK [1][-]{Rfn.toxval.load.oppt.1}{toxval.load.oppt}{}% 257
\BOOKMARK [1][-]{Rfn.toxval.load.osha.Rul.air.Rul.limits.1}{toxval.load.osha\137air\137limits}{}% 258
\BOOKMARK [1][-]{Rfn.toxval.load.ow.Rul.dwsha.1}{toxval.load.ow\137dwsha}{}% 259
\BOOKMARK [1][-]{Rfn.toxval.load.penn.1}{toxval.load.penn}{}% 260
\BOOKMARK [1][-]{Rfn.toxval.load.penn.Rul.dep.1}{toxval.load.penn\137dep}{}% 261
\BOOKMARK [1][-]{Rfn.toxval.load.pfas.Rul.150.Rul.sem.Rul.v2.1}{toxval.load.pfas\137150\137sem\137v2}{}% 262
\BOOKMARK [1][-]{Rfn.toxval.load.postprocess.1}{toxval.load.postprocess}{}% 263
\BOOKMARK [1][-]{Rfn.toxval.load.pprtv.ncea.1}{toxval.load.pprtv.ncea}{}% 264
\BOOKMARK [1][-]{Rfn.toxval.load.pprtv.ornl.1}{toxval.load.pprtv.ornl}{}% 265
\BOOKMARK [1][-]{Rfn.toxval.load.rsl.1}{toxval.load.rsl}{}% 266
\BOOKMARK [1][-]{Rfn.toxval.load.skin.eye.1}{toxval.load.skin.eye}{}% 267
\BOOKMARK [1][-]{Rfn.toxval.load.source.Rul.chemical.1}{toxval.load.source\137chemical}{}% 268
\BOOKMARK [1][-]{Rfn.toxval.load.species.1}{toxval.load.species}{}% 269
\BOOKMARK [1][-]{Rfn.toxval.load.test.1}{toxval.load.test}{}% 270
\BOOKMARK [1][-]{Rfn.toxval.load.toxrefdb3.1}{toxval.load.toxrefdb3}{}% 271
\BOOKMARK [1][-]{Rfn.toxval.load.usgs.Rul.hbsl.1}{toxval.load.usgs\137hbsl}{}% 272
\BOOKMARK [1][-]{Rfn.toxval.load.who.Rul.ipcs.1}{toxval.load.who\137ipcs}{}% 273
\BOOKMARK [1][-]{Rfn.toxval.load.wignall.1}{toxval.load.wignall}{}% 274
\BOOKMARK [1][-]{Rfn.toxval.qc.step.1.1}{toxval.qc.step.1}{}% 275
\BOOKMARK [1][-]{Rfn.toxval.set.mw.1}{toxval.set.mw}{}% 276
\BOOKMARK [1][-]{Rfn.toxval.source.add.timestamps.1}{toxval.source.add.timestamps}{}% 277
\BOOKMARK [1][-]{Rfn.toxval.source.map.chemicals.1}{toxval.source.map.chemicals}{}% 278
\BOOKMARK [1][-]{Rfn.toxval.source.map.chemicals.combined.1}{toxval.source.map.chemicals.combined}{}% 279
\BOOKMARK [1][-]{Rfn.toxval.summary.stats.1}{toxval.summary.stats}{}% 280
\BOOKMARK [1][-]{Rfn.toxval.Rul.source.hash.and.load.1}{toxval\137source.hash.and.load}{}% 281
\BOOKMARK [0][-]{index.0}{Index}{}% 282
