\BOOKMARK [1][-]{Rfn.cas.Rul.checkSum.1}{cas\137checkSum}{}% 1
\BOOKMARK [1][-]{Rfn.chem.check.1}{chem.check}{}% 2
\BOOKMARK [1][-]{Rfn.chem.check.v2.1}{chem.check.v2}{}% 3
\BOOKMARK [1][-]{Rfn.clean.last.character.1}{clean.last.character}{}% 4
\BOOKMARK [1][-]{Rfn.clean.toxval.by.source.1}{clean.toxval.by.source}{}% 5
\BOOKMARK [1][-]{Rfn.clowder.Rul.document.Rul.list.1}{clowder\137document\137list}{}% 6
\BOOKMARK [1][-]{Rfn.clowder.Rul.id.Rul.prep.v2.1}{clowder\137id\137prep.v2}{}% 7
\BOOKMARK [1][-]{Rfn.clowder.Rul.id.Rul.prep.v3.1}{clowder\137id\137prep.v3}{}% 8
\BOOKMARK [1][-]{Rfn.contains.1}{contains}{}% 9
\BOOKMARK [1][-]{Rfn.ecotox.datahub.to.file.1}{ecotox.datahub.to.file}{}% 10
\BOOKMARK [1][-]{Rfn.export.all.by.source.1}{export.all.by.source}{}% 11
\BOOKMARK [1][-]{Rfn.export.dsstox.1}{export.dsstox}{}% 12
\BOOKMARK [1][-]{Rfn.export.final.params.1}{export.final.params}{}% 13
\BOOKMARK [1][-]{Rfn.export.missing.rac.by.source.1}{export.missing.rac.by.source}{}% 14
\BOOKMARK [1][-]{Rfn.export.source.Rul.chemical.1}{export.source\137chemical}{}% 15
\BOOKMARK [1][-]{Rfn.fill.chemical.by.source.1}{fill.chemical.by.source}{}% 16
\BOOKMARK [1][-]{Rfn.fill.chemical.Rul.source.Rul.index.1}{fill.chemical\137source\137index}{}% 17
\BOOKMARK [1][-]{Rfn.fill.toxval.defaults.1}{fill.toxval.defaults}{}% 18
\BOOKMARK [1][-]{Rfn.fill.toxval.defaults.global.by.source.1}{fill.toxval.defaults.global.by.source}{}% 19
\BOOKMARK [1][-]{Rfn.fix.all.param.by.source.1}{fix.all.param.by.source}{}% 20
\BOOKMARK [1][-]{Rfn.fix.casrn.1}{fix.casrn}{}% 21
\BOOKMARK [1][-]{Rfn.fix.critical.Rul.effect.icf.by.source.1}{fix.critical\137effect.icf.by.source}{}% 22
\BOOKMARK [1][-]{Rfn.fix.empty.by.source.1}{fix.empty.by.source}{}% 23
\BOOKMARK [1][-]{Rfn.fix.empty.record.Rul.source.by.source.1}{fix.empty.record\137source.by.source}{}% 24
\BOOKMARK [1][-]{Rfn.fix.exposure.Rul.method.and.form.by.source.1}{fix.exposure\137method.and.form.by.source}{}% 25
\BOOKMARK [1][-]{Rfn.fix.generation.by.source.1}{fix.generation.by.source}{}% 26
\BOOKMARK [1][-]{Rfn.fix.human.Rul.eco.by.source.1}{fix.human\137eco.by.source}{}% 27
\BOOKMARK [1][-]{Rfn.fix.non.Rul.ascii.v2.1}{fix.non\137ascii.v2}{}% 28
\BOOKMARK [1][-]{Rfn.fix.priority.Rul.id.by.source.1}{fix.priority\137id.by.source}{}% 29
\BOOKMARK [1][-]{Rfn.fix.qc.Rul.status.by.source.1}{fix.qc\137status.by.source}{}% 30
\BOOKMARK [1][-]{Rfn.fix.risk.Rul.assessment.Rul.class.all.source.1}{fix.risk\137assessment\137class.all.source}{}% 31
\BOOKMARK [1][-]{Rfn.fix.risk.Rul.assessment.Rul.class.by.source.1}{fix.risk\137assessment\137class.by.source}{}% 32
\BOOKMARK [1][-]{Rfn.fix.single.param.by.source.1}{fix.single.param.by.source}{}% 33
\BOOKMARK [1][-]{Rfn.fix.species.v2.1}{fix.species.v2}{}% 34
\BOOKMARK [1][-]{Rfn.fix.strain.v2.1}{fix.strain.v2}{}% 35
\BOOKMARK [1][-]{Rfn.fix.units.by.source.1}{fix.units.by.source}{}% 36
\BOOKMARK [1][-]{Rfn.generate.originals.1}{generate.originals}{}% 37
\BOOKMARK [1][-]{Rfn.get.cid.list.toxval.1}{get.cid.list.toxval}{}% 38
\BOOKMARK [1][-]{Rfn.getPSQLDBConn.1}{getPSQLDBConn}{}% 39
\BOOKMARK [1][-]{Rfn.hello.1}{hello}{}% 40
\BOOKMARK [1][-]{Rfn.import.dictionary.1}{import.dictionary}{}% 41
\BOOKMARK [1][-]{Rfn.import.driver.1}{import.driver}{}% 42
\BOOKMARK [1][-]{Rfn.import.source.info.1}{import.source.info}{}% 43
\BOOKMARK [1][-]{Rfn.import.source.info.by.source.1}{import.source.info.by.source}{}% 44
\BOOKMARK [1][-]{Rfn.import.Rul.atsdr.Rul.pfas.Rul.2021.Rul.source.1}{import\137atsdr\137pfas\1372021\137source}{}% 45
\BOOKMARK [1][-]{Rfn.import.Rul.atsdr.Rul.pfas.Rul.source.1}{import\137atsdr\137pfas\137source}{}% 46
\BOOKMARK [1][-]{Rfn.import.Rul.atsdr.Rul.source.1}{import\137atsdr\137source}{}% 47
\BOOKMARK [1][-]{Rfn.import.Rul.caloehha.Rul.source.1}{import\137caloehha\137source}{}% 48
\BOOKMARK [1][-]{Rfn.import.Rul.chiu.Rul.source.1}{import\137chiu\137source}{}% 49
\BOOKMARK [1][-]{Rfn.import.Rul.copper.Rul.source.1}{import\137copper\137source}{}% 50
\BOOKMARK [1][-]{Rfn.import.Rul.cosmos.Rul.source.1}{import\137cosmos\137source}{}% 51
\BOOKMARK [1][-]{Rfn.import.Rul.dod.Rul.ered.Rul.source.1}{import\137dod\137ered\137source}{}% 52
\BOOKMARK [1][-]{Rfn.import.Rul.dod.Rul.source.1}{import\137dod\137source}{}% 53
\BOOKMARK [1][-]{Rfn.import.Rul.doe.Rul.benchmarks.Rul.source.1}{import\137doe\137benchmarks\137source}{}% 54
\BOOKMARK [1][-]{Rfn.import.Rul.doe.Rul.source.1}{import\137doe\137source}{}% 55
\BOOKMARK [1][-]{Rfn.import.Rul.echa.Rul.echemportal.Rul.api.Rul.source.1}{import\137echa\137echemportal\137api\137source}{}% 56
\BOOKMARK [1][-]{Rfn.import.Rul.efsa2.Rul.source.1}{import\137efsa2\137source}{}% 57
\BOOKMARK [1][-]{Rfn.import.Rul.efsa.Rul.source.1}{import\137efsa\137source}{}% 58
\BOOKMARK [1][-]{Rfn.import.Rul.envirotox.Rul.source.1}{import\137envirotox\137source}{}% 59
\BOOKMARK [1][-]{Rfn.import.Rul.flex.Rul.source.1}{import\137flex\137source}{}% 60
\BOOKMARK [1][-]{Rfn.import.Rul.hawc.Rul.pfas.Rul.150.Rul.source.1}{import\137hawc\137pfas\137150\137source}{}% 61
\BOOKMARK [1][-]{Rfn.import.Rul.hawc.Rul.pfas.Rul.430.Rul.source.1}{import\137hawc\137pfas\137430\137source}{}% 62
\BOOKMARK [1][-]{Rfn.import.Rul.hawc.Rul.source.1}{import\137hawc\137source}{}% 63
\BOOKMARK [1][-]{Rfn.import.Rul.health.Rul.canada.Rul.source.1}{import\137health\137canada\137source}{}% 64
\BOOKMARK [1][-]{Rfn.import.Rul.heast.Rul.source.1}{import\137heast\137source}{}% 65
\BOOKMARK [1][-]{Rfn.import.Rul.hess.Rul.source.1}{import\137hess\137source}{}% 66
\BOOKMARK [1][-]{Rfn.import.Rul.hpvis.Rul.source.1}{import\137hpvis\137source}{}% 67
\BOOKMARK [1][-]{Rfn.import.Rul.iris.Rul.source.1}{import\137iris\137source}{}% 68
\BOOKMARK [1][-]{Rfn.import.Rul.lanl.Rul.source.1}{import\137lanl\137source}{}% 69
\BOOKMARK [1][-]{Rfn.import.Rul.niosh.Rul.source.1}{import\137niosh\137source}{}% 70
\BOOKMARK [1][-]{Rfn.import.Rul.oppt.Rul.source.1}{import\137oppt\137source}{}% 71
\BOOKMARK [1][-]{Rfn.import.Rul.opp.Rul.source.1}{import\137opp\137source}{}% 72
\BOOKMARK [1][-]{Rfn.import.Rul.penn.Rul.source.1}{import\137penn\137source}{}% 73
\BOOKMARK [1][-]{Rfn.import.Rul.pfas.Rul.150.Rul.sem.Rul.source.1}{import\137pfas\137150\137sem\137source}{}% 74
\BOOKMARK [1][-]{Rfn.import.Rul.pfas.Rul.summary.Rul.pods.Rul.source.1}{import\137pfas\137summary\137pods\137source}{}% 75
\BOOKMARK [1][-]{Rfn.import.Rul.pprtv.Rul.ncea.Rul.source.1}{import\137pprtv\137ncea\137source}{}% 76
\BOOKMARK [1][-]{Rfn.import.Rul.pprtv.Rul.ornl.Rul.source.1}{import\137pprtv\137ornl\137source}{}% 77
\BOOKMARK [1][-]{Rfn.import.Rul.rsl.Rul.source.1}{import\137rsl\137source}{}% 78
\BOOKMARK [1][-]{Rfn.import.Rul.test.Rul.source.1}{import\137test\137source}{}% 79
\BOOKMARK [1][-]{Rfn.import.Rul.wignall.Rul.source.1}{import\137wignall\137source}{}% 80
\BOOKMARK [1][-]{Rfn.load.dsstox.1}{load.dsstox}{}% 81
\BOOKMARK [1][-]{Rfn.log.Rul.message.1}{log\137message}{}% 82
\BOOKMARK [1][-]{Rfn.pfas.by.source.1}{pfas.by.source}{}% 83
\BOOKMARK [1][-]{Rfn.printCurrentFunction.1}{printCurrentFunction}{}% 84
\BOOKMARK [1][-]{Rfn.runInsert.1}{runInsert}{}% 85
\BOOKMARK [1][-]{Rfn.runInsertTable.1}{runInsertTable}{}% 86
\BOOKMARK [1][-]{Rfn.runQuery.1}{runQuery}{}% 87
\BOOKMARK [1][-]{Rfn.runQuery.Rul.psql.1}{runQuery\137psql}{}% 88
\BOOKMARK [1][-]{Rfn.setDBConn.1}{setDBConn}{}% 89
\BOOKMARK [1][-]{Rfn.setPSQLDBConn.1}{setPSQLDBConn}{}% 90
\BOOKMARK [1][-]{Rfn.set.Rul.clowder.Rul.id.1}{set\137clowder\137id}{}% 91
\BOOKMARK [1][-]{Rfn.source.size.1}{source.size}{}% 92
\BOOKMARK [1][-]{Rfn.source.Rul.chemical.duplicates.1}{source\137chemical.duplicates}{}% 93
\BOOKMARK [1][-]{Rfn.source.Rul.chemical.ecotox.1}{source\137chemical.ecotox}{}% 94
\BOOKMARK [1][-]{Rfn.source.Rul.chemical.process.1}{source\137chemical.process}{}% 95
\BOOKMARK [1][-]{Rfn.source.Rul.chemical.toxrefdb.1}{source\137chemical.toxrefdb}{}% 96
\BOOKMARK [1][-]{Rfn.source.Rul.prep.Rul.and.Rul.load.1}{source\137prep\137and\137load}{}% 97
\BOOKMARK [1][-]{Rfn.source.Rul.set.Rul.defaults.1}{source\137set\137defaults}{}% 98
\BOOKMARK [1][-]{Rfn.species.mapper.1}{species.mapper}{}% 99
\BOOKMARK [1][-]{Rfn.toxval.check.source.Rul.chemical.1}{toxval.check.source\137chemical}{}% 100
\BOOKMARK [1][-]{Rfn.toxval.config.1}{toxval.config}{}% 101
\BOOKMARK [1][-]{Rfn.toxval.init.db.1}{toxval.init.db}{}% 102
\BOOKMARK [1][-]{Rfn.toxval.load.alaska.Rul.dec.1}{toxval.load.alaska\137dec}{}% 103
\BOOKMARK [1][-]{Rfn.toxval.load.all.1}{toxval.load.all}{}% 104
\BOOKMARK [1][-]{Rfn.toxval.load.atsdr.1}{toxval.load.atsdr}{}% 105
\BOOKMARK [1][-]{Rfn.toxval.load.atsdr.pfas.1}{toxval.load.atsdr.pfas}{}% 106
\BOOKMARK [1][-]{Rfn.toxval.load.atsdr.pfas.2021.1}{toxval.load.atsdr.pfas.2021}{}% 107
\BOOKMARK [1][-]{Rfn.toxval.load.bcfbaf.1}{toxval.load.bcfbaf}{}% 108
\BOOKMARK [1][-]{Rfn.toxval.load.caloehha.1}{toxval.load.caloehha}{}% 109
\BOOKMARK [1][-]{Rfn.toxval.load.cal.Rul.dph.1}{toxval.load.cal\137dph}{}% 110
\BOOKMARK [1][-]{Rfn.toxval.load.cancer.1}{toxval.load.cancer}{}% 111
\BOOKMARK [1][-]{Rfn.toxval.load.chiu.1}{toxval.load.chiu}{}% 112
\BOOKMARK [1][-]{Rfn.toxval.load.copper.1}{toxval.load.copper}{}% 113
\BOOKMARK [1][-]{Rfn.toxval.load.cosmos.1}{toxval.load.cosmos}{}% 114
\BOOKMARK [1][-]{Rfn.toxval.load.dod.1}{toxval.load.dod}{}% 115
\BOOKMARK [1][-]{Rfn.toxval.load.dod.ered.1}{toxval.load.dod.ered}{}% 116
\BOOKMARK [1][-]{Rfn.toxval.load.doe.benchmarks.1}{toxval.load.doe.benchmarks}{}% 117
\BOOKMARK [1][-]{Rfn.toxval.load.doe.ecorisk.1}{toxval.load.doe.ecorisk}{}% 118
\BOOKMARK [1][-]{Rfn.toxval.load.doe.pac.1}{toxval.load.doe.pac}{}% 119
\BOOKMARK [1][-]{Rfn.toxval.load.echa.1}{toxval.load.echa}{}% 120
\BOOKMARK [1][-]{Rfn.toxval.load.echa.echemportal.1}{toxval.load.echa.echemportal}{}% 121
\BOOKMARK [1][-]{Rfn.toxval.load.echa.echemportal.api.1}{toxval.load.echa.echemportal.api}{}% 122
\BOOKMARK [1][-]{Rfn.toxval.load.echa.iuclid.1}{toxval.load.echa.iuclid}{}% 123
\BOOKMARK [1][-]{Rfn.toxval.load.echa3.1}{toxval.load.echa3}{}% 124
\BOOKMARK [1][-]{Rfn.toxval.load.ecotox.1}{toxval.load.ecotox}{}% 125
\BOOKMARK [1][-]{Rfn.toxval.load.efsa.1}{toxval.load.efsa}{}% 126
\BOOKMARK [1][-]{Rfn.toxval.load.efsa2.1}{toxval.load.efsa2}{}% 127
\BOOKMARK [1][-]{Rfn.toxval.load.envirotox.1}{toxval.load.envirotox}{}% 128
\BOOKMARK [1][-]{Rfn.toxval.load.epa.Rul.aegl.1}{toxval.load.epa\137aegl}{}% 129
\BOOKMARK [1][-]{Rfn.toxval.load.fda.Rul.cedi.1}{toxval.load.fda\137cedi}{}% 130
\BOOKMARK [1][-]{Rfn.toxval.load.generic.1}{toxval.load.generic}{}% 131
\BOOKMARK [1][-]{Rfn.toxval.load.genetox.1}{toxval.load.genetox}{}% 132
\BOOKMARK [1][-]{Rfn.toxval.load.genetox.Rul.details.1}{toxval.load.genetox\137details}{}% 133
\BOOKMARK [1][-]{Rfn.toxval.load.hawc.1}{toxval.load.hawc}{}% 134
\BOOKMARK [1][-]{Rfn.toxval.load.hawc.Rul.pfas.Rul.150.1}{toxval.load.hawc\137pfas\137150}{}% 135
\BOOKMARK [1][-]{Rfn.toxval.load.hawc.Rul.pfas.Rul.430.1}{toxval.load.hawc\137pfas\137430}{}% 136
\BOOKMARK [1][-]{Rfn.toxval.load.healthcanada.1}{toxval.load.healthcanada}{}% 137
\BOOKMARK [1][-]{Rfn.toxval.load.heast.1}{toxval.load.heast}{}% 138
\BOOKMARK [1][-]{Rfn.toxval.load.hess.1}{toxval.load.hess}{}% 139
\BOOKMARK [1][-]{Rfn.toxval.load.hpvis.1}{toxval.load.hpvis}{}% 140
\BOOKMARK [1][-]{Rfn.toxval.load.iris.1}{toxval.load.iris}{}% 141
\BOOKMARK [1][-]{Rfn.toxval.load.mass.Rul.mmcl.1}{toxval.load.mass\137mmcl}{}% 142
\BOOKMARK [1][-]{Rfn.toxval.load.new.Rul.ecotox.1}{toxval.load.new\137ecotox}{}% 143
\BOOKMARK [1][-]{Rfn.toxval.load.niosh.1}{toxval.load.niosh}{}% 144
\BOOKMARK [1][-]{Rfn.toxval.load.opp.1}{toxval.load.opp}{}% 145
\BOOKMARK [1][-]{Rfn.toxval.load.oppt.1}{toxval.load.oppt}{}% 146
\BOOKMARK [1][-]{Rfn.toxval.load.osha.Rul.air.Rul.limits.1}{toxval.load.osha\137air\137limits}{}% 147
\BOOKMARK [1][-]{Rfn.toxval.load.ow.Rul.dwsha.1}{toxval.load.ow\137dwsha}{}% 148
\BOOKMARK [1][-]{Rfn.toxval.load.penn.1}{toxval.load.penn}{}% 149
\BOOKMARK [1][-]{Rfn.toxval.load.penn.Rul.dep.1}{toxval.load.penn\137dep}{}% 150
\BOOKMARK [1][-]{Rfn.toxval.load.pfas.Rul.150.Rul.sem.1}{toxval.load.pfas\137150\137sem}{}% 151
\BOOKMARK [1][-]{Rfn.toxval.load.pfas.Rul.summary.Rul.pods.1}{toxval.load.pfas\137summary\137pods}{}% 152
\BOOKMARK [1][-]{Rfn.toxval.load.postprocess.1}{toxval.load.postprocess}{}% 153
\BOOKMARK [1][-]{Rfn.toxval.load.pprtv.ncea.1}{toxval.load.pprtv.ncea}{}% 154
\BOOKMARK [1][-]{Rfn.toxval.load.pprtv.ornl.1}{toxval.load.pprtv.ornl}{}% 155
\BOOKMARK [1][-]{Rfn.toxval.load.rsl.1}{toxval.load.rsl}{}% 156
\BOOKMARK [1][-]{Rfn.toxval.load.skin.eye.1}{toxval.load.skin.eye}{}% 157
\BOOKMARK [1][-]{Rfn.toxval.load.source.Rul.chemical.1}{toxval.load.source\137chemical}{}% 158
\BOOKMARK [1][-]{Rfn.toxval.load.species.1}{toxval.load.species}{}% 159
\BOOKMARK [1][-]{Rfn.toxval.load.test.1}{toxval.load.test}{}% 160
\BOOKMARK [1][-]{Rfn.toxval.load.toxrefdb3.1}{toxval.load.toxrefdb3}{}% 161
\BOOKMARK [1][-]{Rfn.toxval.load.usgs.Rul.hbsl.1}{toxval.load.usgs\137hbsl}{}% 162
\BOOKMARK [1][-]{Rfn.toxval.load.who.Rul.ipcs.1}{toxval.load.who\137ipcs}{}% 163
\BOOKMARK [1][-]{Rfn.toxval.load.wignall.1}{toxval.load.wignall}{}% 164
\BOOKMARK [1][-]{Rfn.toxval.qc.step.1.1}{toxval.qc.step.1}{}% 165
\BOOKMARK [1][-]{Rfn.toxval.set.mw.1}{toxval.set.mw}{}% 166
\BOOKMARK [1][-]{Rfn.toxval.Rul.source.hash.and.load.1}{toxval\137source.hash.and.load}{}% 167
\BOOKMARK [0][-]{index.0}{Index}{}% 168
